<?xml version="1.0" encoding="UTF-8"?>
<testsuite xmlns:xsi="http://www.w3.org/2001/XMLSchema-instance" xsi:noNamespaceSchemaLocation="https://maven.apache.org/surefire/maven-surefire-plugin/xsd/surefire-test-report.xsd" name="example.InvokeTest" time="16.968" tests="1" errors="1" skipped="0" failures="0">
  <properties>
    <property name="gopherProxySet" value="false"/>
    <property name="awt.toolkit" value="sun.lwawt.macosx.LWCToolkit"/>
    <property name="file.encoding.pkg" value="sun.io"/>
    <property name="java.specification.version" value="1.8"/>
    <property name="sun.cpu.isalist" value=""/>
    <property name="sun.jnu.encoding" value="UTF-8"/>
    <property name="java.class.path" value="/Users/adriansarabia/Dev/Java/app-java-code/target/test-classes:/Users/adriansarabia/Dev/Java/app-java-code/target/classes:/Users/adriansarabia/.m2/repository/com/amazonaws/aws-lambda-java-core/1.2.0/aws-lambda-java-core-1.2.0.jar:/Users/adriansarabia/.m2/repository/com/amazonaws/aws-lambda-java-events/2.2.7/aws-lambda-java-events-2.2.7.jar:/Users/adriansarabia/.m2/repository/joda-time/joda-time/2.6/joda-time-2.6.jar:/Users/adriansarabia/.m2/repository/com/amazonaws/aws-lambda-java-log4j2/1.1.0/aws-lambda-java-log4j2-1.1.0.jar:/Users/adriansarabia/.m2/repository/com/google/code/gson/gson/2.8.6/gson-2.8.6.jar:/Users/adriansarabia/.m2/repository/org/apache/logging/log4j/log4j-api/2.13.0/log4j-api-2.13.0.jar:/Users/adriansarabia/.m2/repository/org/apache/logging/log4j/log4j-core/2.13.0/log4j-core-2.13.0.jar:/Users/adriansarabia/.m2/repository/org/apache/logging/log4j/log4j-slf4j18-impl/2.13.0/log4j-slf4j18-impl-2.13.0.jar:/Users/adriansarabia/.m2/repository/org/slf4j/slf4j-api/1.8.0-alpha2/slf4j-api-1.8.0-alpha2.jar:/Users/adriansarabia/.m2/repository/software/amazon/awssdk/lambda/2.10.72/lambda-2.10.72.jar:/Users/adriansarabia/.m2/repository/software/amazon/awssdk/aws-json-protocol/2.10.72/aws-json-protocol-2.10.72.jar:/Users/adriansarabia/.m2/repository/com/fasterxml/jackson/core/jackson-core/2.10.0/jackson-core-2.10.0.jar:/Users/adriansarabia/.m2/repository/software/amazon/awssdk/protocol-core/2.10.72/protocol-core-2.10.72.jar:/Users/adriansarabia/.m2/repository/software/amazon/awssdk/sdk-core/2.10.72/sdk-core-2.10.72.jar:/Users/adriansarabia/.m2/repository/software/amazon/awssdk/profiles/2.10.72/profiles-2.10.72.jar:/Users/adriansarabia/.m2/repository/com/fasterxml/jackson/core/jackson-databind/2.10.0/jackson-databind-2.10.0.jar:/Users/adriansarabia/.m2/repository/org/reactivestreams/reactive-streams/1.0.2/reactive-streams-1.0.2.jar:/Users/adriansarabia/.m2/repository/software/amazon/awssdk/auth/2.10.72/auth-2.10.72.jar:/Users/adriansarabia/.m2/repository/software/amazon/eventstream/eventstream/1.0.1/eventstream-1.0.1.jar:/Users/adriansarabia/.m2/repository/software/amazon/awssdk/http-client-spi/2.10.72/http-client-spi-2.10.72.jar:/Users/adriansarabia/.m2/repository/software/amazon/awssdk/regions/2.10.72/regions-2.10.72.jar:/Users/adriansarabia/.m2/repository/com/fasterxml/jackson/core/jackson-annotations/2.9.0/jackson-annotations-2.9.0.jar:/Users/adriansarabia/.m2/repository/software/amazon/awssdk/annotations/2.10.72/annotations-2.10.72.jar:/Users/adriansarabia/.m2/repository/software/amazon/awssdk/utils/2.10.72/utils-2.10.72.jar:/Users/adriansarabia/.m2/repository/software/amazon/awssdk/aws-core/2.10.72/aws-core-2.10.72.jar:/Users/adriansarabia/.m2/repository/software/amazon/awssdk/apache-client/2.10.72/apache-client-2.10.72.jar:/Users/adriansarabia/.m2/repository/org/apache/httpcomponents/httpclient/4.5.9/httpclient-4.5.9.jar:/Users/adriansarabia/.m2/repository/commons-logging/commons-logging/1.2/commons-logging-1.2.jar:/Users/adriansarabia/.m2/repository/commons-codec/commons-codec/1.11/commons-codec-1.11.jar:/Users/adriansarabia/.m2/repository/org/apache/httpcomponents/httpcore/4.4.11/httpcore-4.4.11.jar:/Users/adriansarabia/.m2/repository/software/amazon/awssdk/netty-nio-client/2.10.72/netty-nio-client-2.10.72.jar:/Users/adriansarabia/.m2/repository/io/netty/netty-codec-http/4.1.42.Final/netty-codec-http-4.1.42.Final.jar:/Users/adriansarabia/.m2/repository/io/netty/netty-codec-http2/4.1.42.Final/netty-codec-http2-4.1.42.Final.jar:/Users/adriansarabia/.m2/repository/io/netty/netty-codec/4.1.42.Final/netty-codec-4.1.42.Final.jar:/Users/adriansarabia/.m2/repository/io/netty/netty-transport/4.1.42.Final/netty-transport-4.1.42.Final.jar:/Users/adriansarabia/.m2/repository/io/netty/netty-resolver/4.1.42.Final/netty-resolver-4.1.42.Final.jar:/Users/adriansarabia/.m2/repository/io/netty/netty-common/4.1.42.Final/netty-common-4.1.42.Final.jar:/Users/adriansarabia/.m2/repository/io/netty/netty-buffer/4.1.42.Final/netty-buffer-4.1.42.Final.jar:/Users/adriansarabia/.m2/repository/io/netty/netty-handler/4.1.42.Final/netty-handler-4.1.42.Final.jar:/Users/adriansarabia/.m2/repository/io/netty/netty-transport-native-epoll/4.1.42.Final/netty-transport-native-epoll-4.1.42.Final-linux-x86_64.jar:/Users/adriansarabia/.m2/repository/io/netty/netty-transport-native-unix-common/4.1.42.Final/netty-transport-native-unix-common-4.1.42.Final.jar:/Users/adriansarabia/.m2/repository/com/typesafe/netty/netty-reactive-streams-http/2.0.4/netty-reactive-streams-http-2.0.4.jar:/Users/adriansarabia/.m2/repository/com/typesafe/netty/netty-reactive-streams/2.0.4/netty-reactive-streams-2.0.4.jar:/Users/adriansarabia/.m2/repository/com/amazonaws/aws-xray-recorder-sdk-core/2.4.0/aws-xray-recorder-sdk-core-2.4.0.jar:/Users/adriansarabia/.m2/repository/com/amazonaws/aws-java-sdk-xray/1.11.398/aws-java-sdk-xray-1.11.398.jar:/Users/adriansarabia/.m2/repository/com/amazonaws/aws-java-sdk-core/1.11.398/aws-java-sdk-core-1.11.398.jar:/Users/adriansarabia/.m2/repository/software/amazon/ion/ion-java/1.0.2/ion-java-1.0.2.jar:/Users/adriansarabia/.m2/repository/com/fasterxml/jackson/dataformat/jackson-dataformat-cbor/2.6.7/jackson-dataformat-cbor-2.6.7.jar:/Users/adriansarabia/.m2/repository/com/amazonaws/jmespath-java/1.11.398/jmespath-java-1.11.398.jar:/Users/adriansarabia/.m2/repository/com/amazonaws/aws-xray-recorder-sdk-aws-sdk-core/2.4.0/aws-xray-recorder-sdk-aws-sdk-core-2.4.0.jar:/Users/adriansarabia/.m2/repository/com/amazonaws/aws-xray-recorder-sdk-aws-sdk-v2/2.4.0/aws-xray-recorder-sdk-aws-sdk-v2-2.4.0.jar:/Users/adriansarabia/.m2/repository/com/amazonaws/aws-xray-recorder-sdk-aws-sdk-v2-instrumentor/2.4.0/aws-xray-recorder-sdk-aws-sdk-v2-instrumentor-2.4.0.jar:/Users/adriansarabia/.m2/repository/org/junit/jupiter/junit-jupiter-api/5.6.0/junit-jupiter-api-5.6.0.jar:/Users/adriansarabia/.m2/repository/org/apiguardian/apiguardian-api/1.1.0/apiguardian-api-1.1.0.jar:/Users/adriansarabia/.m2/repository/org/opentest4j/opentest4j/1.2.0/opentest4j-1.2.0.jar:/Users/adriansarabia/.m2/repository/org/junit/platform/junit-platform-commons/1.6.0/junit-platform-commons-1.6.0.jar:/Users/adriansarabia/.m2/repository/org/junit/jupiter/junit-jupiter-engine/5.6.0/junit-jupiter-engine-5.6.0.jar:/Users/adriansarabia/.m2/repository/org/junit/platform/junit-platform-engine/1.6.0/junit-platform-engine-1.6.0.jar:"/>
    <property name="java.vm.vendor" value="Oracle Corporation"/>
    <property name="sun.arch.data.model" value="64"/>
    <property name="java.vendor.url" value="http://java.oracle.com/"/>
    <property name="user.timezone" value=""/>
    <property name="java.vm.specification.version" value="1.8"/>
    <property name="os.name" value="Mac OS X"/>
    <property name="user.country" value="AR"/>
    <property name="sun.java.launcher" value="SUN_STANDARD"/>
    <property name="sun.boot.library.path" value="/Library/Java/JavaVirtualMachines/jdk1.8.0_251.jdk/Contents/Home/jre/lib"/>
    <property name="sun.java.command" value="/Users/adriansarabia/Dev/Java/app-java-code/target/surefire/surefirebooter446283499755691667.jar /Users/adriansarabia/Dev/Java/app-java-code/target/surefire 2020-04-29T00-28-45_865-jvmRun1 surefire849981334041738111tmp surefire_06578967525843221495tmp"/>
    <property name="http.nonProxyHosts" value="local|*.local|169.254/16|*.169.254/16"/>
    <property name="surefire.test.class.path" value="/Users/adriansarabia/Dev/Java/app-java-code/target/test-classes:/Users/adriansarabia/Dev/Java/app-java-code/target/classes:/Users/adriansarabia/.m2/repository/com/amazonaws/aws-lambda-java-core/1.2.0/aws-lambda-java-core-1.2.0.jar:/Users/adriansarabia/.m2/repository/com/amazonaws/aws-lambda-java-events/2.2.7/aws-lambda-java-events-2.2.7.jar:/Users/adriansarabia/.m2/repository/joda-time/joda-time/2.6/joda-time-2.6.jar:/Users/adriansarabia/.m2/repository/com/amazonaws/aws-lambda-java-log4j2/1.1.0/aws-lambda-java-log4j2-1.1.0.jar:/Users/adriansarabia/.m2/repository/com/google/code/gson/gson/2.8.6/gson-2.8.6.jar:/Users/adriansarabia/.m2/repository/org/apache/logging/log4j/log4j-api/2.13.0/log4j-api-2.13.0.jar:/Users/adriansarabia/.m2/repository/org/apache/logging/log4j/log4j-core/2.13.0/log4j-core-2.13.0.jar:/Users/adriansarabia/.m2/repository/org/apache/logging/log4j/log4j-slf4j18-impl/2.13.0/log4j-slf4j18-impl-2.13.0.jar:/Users/adriansarabia/.m2/repository/org/slf4j/slf4j-api/1.8.0-alpha2/slf4j-api-1.8.0-alpha2.jar:/Users/adriansarabia/.m2/repository/software/amazon/awssdk/lambda/2.10.72/lambda-2.10.72.jar:/Users/adriansarabia/.m2/repository/software/amazon/awssdk/aws-json-protocol/2.10.72/aws-json-protocol-2.10.72.jar:/Users/adriansarabia/.m2/repository/com/fasterxml/jackson/core/jackson-core/2.10.0/jackson-core-2.10.0.jar:/Users/adriansarabia/.m2/repository/software/amazon/awssdk/protocol-core/2.10.72/protocol-core-2.10.72.jar:/Users/adriansarabia/.m2/repository/software/amazon/awssdk/sdk-core/2.10.72/sdk-core-2.10.72.jar:/Users/adriansarabia/.m2/repository/software/amazon/awssdk/profiles/2.10.72/profiles-2.10.72.jar:/Users/adriansarabia/.m2/repository/com/fasterxml/jackson/core/jackson-databind/2.10.0/jackson-databind-2.10.0.jar:/Users/adriansarabia/.m2/repository/org/reactivestreams/reactive-streams/1.0.2/reactive-streams-1.0.2.jar:/Users/adriansarabia/.m2/repository/software/amazon/awssdk/auth/2.10.72/auth-2.10.72.jar:/Users/adriansarabia/.m2/repository/software/amazon/eventstream/eventstream/1.0.1/eventstream-1.0.1.jar:/Users/adriansarabia/.m2/repository/software/amazon/awssdk/http-client-spi/2.10.72/http-client-spi-2.10.72.jar:/Users/adriansarabia/.m2/repository/software/amazon/awssdk/regions/2.10.72/regions-2.10.72.jar:/Users/adriansarabia/.m2/repository/com/fasterxml/jackson/core/jackson-annotations/2.9.0/jackson-annotations-2.9.0.jar:/Users/adriansarabia/.m2/repository/software/amazon/awssdk/annotations/2.10.72/annotations-2.10.72.jar:/Users/adriansarabia/.m2/repository/software/amazon/awssdk/utils/2.10.72/utils-2.10.72.jar:/Users/adriansarabia/.m2/repository/software/amazon/awssdk/aws-core/2.10.72/aws-core-2.10.72.jar:/Users/adriansarabia/.m2/repository/software/amazon/awssdk/apache-client/2.10.72/apache-client-2.10.72.jar:/Users/adriansarabia/.m2/repository/org/apache/httpcomponents/httpclient/4.5.9/httpclient-4.5.9.jar:/Users/adriansarabia/.m2/repository/commons-logging/commons-logging/1.2/commons-logging-1.2.jar:/Users/adriansarabia/.m2/repository/commons-codec/commons-codec/1.11/commons-codec-1.11.jar:/Users/adriansarabia/.m2/repository/org/apache/httpcomponents/httpcore/4.4.11/httpcore-4.4.11.jar:/Users/adriansarabia/.m2/repository/software/amazon/awssdk/netty-nio-client/2.10.72/netty-nio-client-2.10.72.jar:/Users/adriansarabia/.m2/repository/io/netty/netty-codec-http/4.1.42.Final/netty-codec-http-4.1.42.Final.jar:/Users/adriansarabia/.m2/repository/io/netty/netty-codec-http2/4.1.42.Final/netty-codec-http2-4.1.42.Final.jar:/Users/adriansarabia/.m2/repository/io/netty/netty-codec/4.1.42.Final/netty-codec-4.1.42.Final.jar:/Users/adriansarabia/.m2/repository/io/netty/netty-transport/4.1.42.Final/netty-transport-4.1.42.Final.jar:/Users/adriansarabia/.m2/repository/io/netty/netty-resolver/4.1.42.Final/netty-resolver-4.1.42.Final.jar:/Users/adriansarabia/.m2/repository/io/netty/netty-common/4.1.42.Final/netty-common-4.1.42.Final.jar:/Users/adriansarabia/.m2/repository/io/netty/netty-buffer/4.1.42.Final/netty-buffer-4.1.42.Final.jar:/Users/adriansarabia/.m2/repository/io/netty/netty-handler/4.1.42.Final/netty-handler-4.1.42.Final.jar:/Users/adriansarabia/.m2/repository/io/netty/netty-transport-native-epoll/4.1.42.Final/netty-transport-native-epoll-4.1.42.Final-linux-x86_64.jar:/Users/adriansarabia/.m2/repository/io/netty/netty-transport-native-unix-common/4.1.42.Final/netty-transport-native-unix-common-4.1.42.Final.jar:/Users/adriansarabia/.m2/repository/com/typesafe/netty/netty-reactive-streams-http/2.0.4/netty-reactive-streams-http-2.0.4.jar:/Users/adriansarabia/.m2/repository/com/typesafe/netty/netty-reactive-streams/2.0.4/netty-reactive-streams-2.0.4.jar:/Users/adriansarabia/.m2/repository/com/amazonaws/aws-xray-recorder-sdk-core/2.4.0/aws-xray-recorder-sdk-core-2.4.0.jar:/Users/adriansarabia/.m2/repository/com/amazonaws/aws-java-sdk-xray/1.11.398/aws-java-sdk-xray-1.11.398.jar:/Users/adriansarabia/.m2/repository/com/amazonaws/aws-java-sdk-core/1.11.398/aws-java-sdk-core-1.11.398.jar:/Users/adriansarabia/.m2/repository/software/amazon/ion/ion-java/1.0.2/ion-java-1.0.2.jar:/Users/adriansarabia/.m2/repository/com/fasterxml/jackson/dataformat/jackson-dataformat-cbor/2.6.7/jackson-dataformat-cbor-2.6.7.jar:/Users/adriansarabia/.m2/repository/com/amazonaws/jmespath-java/1.11.398/jmespath-java-1.11.398.jar:/Users/adriansarabia/.m2/repository/com/amazonaws/aws-xray-recorder-sdk-aws-sdk-core/2.4.0/aws-xray-recorder-sdk-aws-sdk-core-2.4.0.jar:/Users/adriansarabia/.m2/repository/com/amazonaws/aws-xray-recorder-sdk-aws-sdk-v2/2.4.0/aws-xray-recorder-sdk-aws-sdk-v2-2.4.0.jar:/Users/adriansarabia/.m2/repository/com/amazonaws/aws-xray-recorder-sdk-aws-sdk-v2-instrumentor/2.4.0/aws-xray-recorder-sdk-aws-sdk-v2-instrumentor-2.4.0.jar:/Users/adriansarabia/.m2/repository/org/junit/jupiter/junit-jupiter-api/5.6.0/junit-jupiter-api-5.6.0.jar:/Users/adriansarabia/.m2/repository/org/apiguardian/apiguardian-api/1.1.0/apiguardian-api-1.1.0.jar:/Users/adriansarabia/.m2/repository/org/opentest4j/opentest4j/1.2.0/opentest4j-1.2.0.jar:/Users/adriansarabia/.m2/repository/org/junit/platform/junit-platform-commons/1.6.0/junit-platform-commons-1.6.0.jar:/Users/adriansarabia/.m2/repository/org/junit/jupiter/junit-jupiter-engine/5.6.0/junit-jupiter-engine-5.6.0.jar:/Users/adriansarabia/.m2/repository/org/junit/platform/junit-platform-engine/1.6.0/junit-platform-engine-1.6.0.jar:"/>
    <property name="sun.cpu.endian" value="little"/>
    <property name="user.home" value="/Users/adriansarabia"/>
    <property name="user.language" value="en"/>
    <property name="java.specification.vendor" value="Oracle Corporation"/>
    <property name="java.home" value="/Library/Java/JavaVirtualMachines/jdk1.8.0_251.jdk/Contents/Home/jre"/>
    <property name="basedir" value="/Users/adriansarabia/Dev/Java/app-java-code"/>
    <property name="file.separator" value="/"/>
    <property name="line.separator" value="&#10;"/>
    <property name="java.vm.specification.vendor" value="Oracle Corporation"/>
    <property name="java.specification.name" value="Java Platform API Specification"/>
    <property name="java.awt.graphicsenv" value="sun.awt.CGraphicsEnvironment"/>
    <property name="surefire.real.class.path" value="/Users/adriansarabia/Dev/Java/app-java-code/target/surefire/surefirebooter446283499755691667.jar"/>
    <property name="sun.boot.class.path" value="/Library/Java/JavaVirtualMachines/jdk1.8.0_251.jdk/Contents/Home/jre/lib/resources.jar:/Library/Java/JavaVirtualMachines/jdk1.8.0_251.jdk/Contents/Home/jre/lib/rt.jar:/Library/Java/JavaVirtualMachines/jdk1.8.0_251.jdk/Contents/Home/jre/lib/sunrsasign.jar:/Library/Java/JavaVirtualMachines/jdk1.8.0_251.jdk/Contents/Home/jre/lib/jsse.jar:/Library/Java/JavaVirtualMachines/jdk1.8.0_251.jdk/Contents/Home/jre/lib/jce.jar:/Library/Java/JavaVirtualMachines/jdk1.8.0_251.jdk/Contents/Home/jre/lib/charsets.jar:/Library/Java/JavaVirtualMachines/jdk1.8.0_251.jdk/Contents/Home/jre/lib/jfr.jar:/Library/Java/JavaVirtualMachines/jdk1.8.0_251.jdk/Contents/Home/jre/classes"/>
    <property name="sun.management.compiler" value="HotSpot 64-Bit Tiered Compilers"/>
    <property name="ftp.nonProxyHosts" value="local|*.local|169.254/16|*.169.254/16"/>
    <property name="java.runtime.version" value="1.8.0_251-b08"/>
    <property name="user.name" value="adriansarabia"/>
    <property name="path.separator" value=":"/>
    <property name="os.version" value="10.15.3"/>
    <property name="java.endorsed.dirs" value="/Library/Java/JavaVirtualMachines/jdk1.8.0_251.jdk/Contents/Home/jre/lib/endorsed"/>
    <property name="java.runtime.name" value="Java(TM) SE Runtime Environment"/>
    <property name="file.encoding" value="UTF-8"/>
    <property name="java.vm.name" value="Java HotSpot(TM) 64-Bit Server VM"/>
    <property name="localRepository" value="/Users/adriansarabia/.m2/repository"/>
    <property name="java.vendor.url.bug" value="http://bugreport.sun.com/bugreport/"/>
    <property name="java.io.tmpdir" value="/var/folders/4j/20hthvqj7qx7s8_zxyxw40kr0000gn/T/"/>
    <property name="java.version" value="1.8.0_251"/>
    <property name="user.dir" value="/Users/adriansarabia/Dev/Java/app-java-code"/>
    <property name="os.arch" value="x86_64"/>
    <property name="java.vm.specification.name" value="Java Virtual Machine Specification"/>
    <property name="java.awt.printerjob" value="sun.lwawt.macosx.CPrinterJob"/>
    <property name="sun.os.patch.level" value="unknown"/>
    <property name="java.library.path" value="/Users/adriansarabia/Library/Java/Extensions:/Library/Java/Extensions:/Network/Library/Java/Extensions:/System/Library/Java/Extensions:/usr/lib/java:."/>
    <property name="java.vm.info" value="mixed mode"/>
    <property name="java.vendor" value="Oracle Corporation"/>
    <property name="java.vm.version" value="25.251-b08"/>
    <property name="java.ext.dirs" value="/Users/adriansarabia/Library/Java/Extensions:/Library/Java/JavaVirtualMachines/jdk1.8.0_251.jdk/Contents/Home/jre/lib/ext:/Library/Java/Extensions:/Network/Library/Java/Extensions:/System/Library/Java/Extensions:/usr/lib/java"/>
    <property name="sun.io.unicode.encoding" value="UnicodeBig"/>
    <property name="java.class.version" value="52.0"/>
    <property name="socksNonProxyHosts" value="local|*.local|169.254/16|*.169.254/16"/>
  </properties>
  <testcase name="invokeTest" classname="example.InvokeTest" time="5.936">
    <error type="java.lang.ExceptionInInitializerError">java.lang.ExceptionInInitializerError
	at example.InvokeTest.invokeTest(InvokeTest.java:52)
Caused by: software.amazon.awssdk.core.exception.SdkClientException: Unable to load region from any of the providers in the chain software.amazon.awssdk.regions.providers.DefaultAwsRegionProviderChain@6e4de19b: [software.amazon.awssdk.regions.providers.SystemSettingsRegionProvider@36676c1a: Unable to load region from system settings. Region must be specified either via environment variable (AWS_REGION) or  system property (aws.region)., software.amazon.awssdk.regions.providers.AwsProfileRegionProvider@7adf16aa: No region provided in profile: default, software.amazon.awssdk.regions.providers.InstanceProfileRegionProvider@39dcf4b0: Unable to contact EC2 metadata service.]
	at example.InvokeTest.invokeTest(InvokeTest.java:52)
</error>
    <system-out><![CDATA[2020-04-29 00:29:02 [main] INFO  example.InvokeTest:34 - DESERIALIZING TEST EVENT
2020-04-29 00:29:02 [main] INFO  example.InvokeTest:35 - EVENT JSON: {"Records":[{"messageId":"19dd0b57-b21e-4ac1-bd88-01bbb068cb78","receiptHandle":"MessageReceiptHandle","body":"Hello from SQS!","attributes":{"ApproximateReceiveCount":"1","SentTimestamp":"1523232000000","SenderId":"123456789012","ApproximateFirstReceiveTimestamp":"1523232000001"},"messageAttributes":{},"md5OfBody":"7b270e59b47ff90a553787216d55d91d","eventSource":"aws:sqs","eventSourceARN":"arn:aws:sqs:us-west-2:123456789012:MyQueue","awsRegion":"us-west-2"}]}
]]></system-out>
    <system-err><![CDATA[Apr 29, 2020 12:29:02 AM com.amazonaws.auth.profile.internal.BasicProfileConfigLoader loadProfiles
WARNING: Your profile name includes a 'profile ' prefix. This is considered part of the profile name in the Java SDK, so you will need to include this prefix in your profile name when you reference this profile from your Java code.
Apr 29, 2020 12:29:02 AM com.amazonaws.auth.profile.internal.BasicProfileConfigLoader loadProfiles
WARNING: Your profile name includes a 'profile ' prefix. This is considered part of the profile name in the Java SDK, so you will need to include this prefix in your profile name when you reference this profile from your Java code.
Apr 29, 2020 12:29:02 AM com.amazonaws.auth.profile.internal.BasicProfileConfigLoader loadProfiles
WARNING: Your profile name includes a 'profile ' prefix. This is considered part of the profile name in the Java SDK, so you will need to include this prefix in your profile name when you reference this profile from your Java code.
Apr 29, 2020 12:29:02 AM com.amazonaws.auth.profile.internal.BasicProfileConfigLoader loadProfiles
WARNING: Your profile name includes a 'profile ' prefix. This is considered part of the profile name in the Java SDK, so you will need to include this prefix in your profile name when you reference this profile from your Java code.
Apr 29, 2020 12:29:02 AM com.amazonaws.auth.profile.internal.BasicProfileConfigLoader loadProfiles
WARNING: Your profile name includes a 'profile ' prefix. This is considered part of the profile name in the Java SDK, so you will need to include this prefix in your profile name when you reference this profile from your Java code.
Apr 29, 2020 12:29:02 AM com.amazonaws.auth.profile.internal.BasicProfileConfigLoader loadProfiles
WARNING: Your profile name includes a 'profile ' prefix. This is considered part of the profile name in the Java SDK, so you will need to include this prefix in your profile name when you reference this profile from your Java code.
Apr 29, 2020 12:29:02 AM com.amazonaws.auth.profile.internal.BasicProfileConfigLoader loadProfiles
WARNING: Your profile name includes a 'profile ' prefix. This is considered part of the profile name in the Java SDK, so you will need to include this prefix in your profile name when you reference this profile from your Java code.
Apr 29, 2020 12:29:02 AM com.amazonaws.auth.profile.internal.BasicProfileConfigLoader loadProfiles
WARNING: Your profile name includes a 'profile ' prefix. This is considered part of the profile name in the Java SDK, so you will need to include this prefix in your profile name when you reference this profile from your Java code.
Apr 29, 2020 12:29:02 AM com.amazonaws.auth.profile.internal.BasicProfileConfigLoader loadProfiles
WARNING: Your profile name includes a 'profile ' prefix. This is considered part of the profile name in the Java SDK, so you will need to include this prefix in your profile name when you reference this profile from your Java code.
Apr 29, 2020 12:29:02 AM com.amazonaws.auth.profile.internal.BasicProfileConfigLoader loadProfiles
WARNING: Your profile name includes a 'profile ' prefix. This is considered part of the profile name in the Java SDK, so you will need to include this prefix in your profile name when you reference this profile from your Java code.
Apr 29, 2020 12:29:02 AM com.amazonaws.auth.profile.internal.BasicProfileConfigLoader loadProfiles
WARNING: Your profile name includes a 'profile ' prefix. This is considered part of the profile name in the Java SDK, so you will need to include this prefix in your profile name when you reference this profile from your Java code.
]]></system-err>
  </testcase>
</testsuite>